<?xml version="1.0" encoding="UTF-8"?>
<!-- Generated by org.testng.reporters.JUnitReportReporter -->
<testsuite hostname="LAPTOP-M5PKHKMD" failures="0" tests="1" name="Test.LoginTest" time="6.668" errors="0" timestamp="2025-10-12T13:58:31 IST" skipped="0">
  <testcase classname="Test.LoginTest" name="login" time="6.668"/>
</testsuite> <!-- Test.LoginTest -->
